This is pdfTeX, Version 3.14159265-2.6-1.40.15 (TeX Live 2014/W32TeX) (preloaded format=pdflatex 2014.11.6)  18 FEB 2016 20:05
entering extended mode
 restricted \write18 enabled.
 %&-line parsing enabled.
**cv_short_current.tex
(./cv_short_current.tex
LaTeX2e <2014/05/01>
Babel <3.9l> and hyphenation patterns for 79 languages loaded.
(./cv_short_current.cls
Document Style `res' <26 Sep 89>.

LaTeX Warning: You have requested document class `cv_short_current',
               but the document class provides `res'.

Document Class: res 2000/05/19 v1.4b Resume class
(c:/texlive/2014/texmf-dist/tex/latex/base/article.cls
Document Class: article 2014/09/29 v1.4h Standard LaTeX document class
(c:/texlive/2014/texmf-dist/tex/latex/base/size10.clo
File: size10.clo 2014/09/29 v1.4h Standard LaTeX file (size option)
)
\c@part=\count79
\c@section=\count80
\c@subsection=\count81
\c@subsubsection=\count82
\c@paragraph=\count83
\c@subparagraph=\count84
\c@figure=\count85
\c@table=\count86
\abovecaptionskip=\skip41
\belowcaptionskip=\skip42
\bibindent=\dimen102
)
No auxiliary output files.

\tabular@text=\toks14
\tabular@head=\toks15
\tabular@tail=\toks16
\@ta=\toks17
\undefined@token=\toks18
\sectionwidth=\dimen103
\sectionskip=\skip43
\resumewidth=\dimen104
\@columnwidth=\dimen105
\c@numberofcolumns=\count87
) (c:/texlive/2014/texmf-dist/tex/latex/psnfss/pifont.sty
Package: pifont 2005/04/12 PSNFSS-v9.2a Pi font support (SPQR) 
LaTeX Font Info:    Try loading font information for U+pzd on input line 63.

(c:/texlive/2014/texmf-dist/tex/latex/psnfss/upzd.fd
File: upzd.fd 2001/06/04 font definitions for U/pzd.
)
LaTeX Font Info:    Try loading font information for U+psy on input line 64.

(c:/texlive/2014/texmf-dist/tex/latex/psnfss/upsy.fd
File: upsy.fd 2001/06/04 font definitions for U/psy.
))
(c:/texlive/2014/texmf-dist/tex/latex/base/inputenc.sty
Package: inputenc 2014/04/30 v1.2b Input encoding file
\inpenc@prehook=\toks19
\inpenc@posthook=\toks20

(c:/texlive/2014/texmf-dist/tex/latex/base/latin1.def
File: latin1.def 2014/04/30 v1.2b Input encoding file
))
(c:/texlive/2014/texmf-dist/tex/latex/fancyhdr/fancyhdr.sty
\fancy@headwidth=\skip44
\f@ncyO@elh=\skip45
\f@ncyO@erh=\skip46
\f@ncyO@olh=\skip47
\f@ncyO@orh=\skip48
\f@ncyO@elf=\skip49
\f@ncyO@erf=\skip50
\f@ncyO@olf=\skip51
\f@ncyO@orf=\skip52
)

LaTeX Warning: Unused global option(s):
    [pifont,palatino,courier].

No file cv_short_current.aux.
LaTeX Font Info:    Checking defaults for OML/cmm/m/it on input line 37.
LaTeX Font Info:    ... okay on input line 37.
LaTeX Font Info:    Checking defaults for T1/cmr/m/n on input line 37.
LaTeX Font Info:    ... okay on input line 37.
LaTeX Font Info:    Checking defaults for OT1/cmr/m/n on input line 37.
LaTeX Font Info:    ... okay on input line 37.
LaTeX Font Info:    Checking defaults for OMS/cmsy/m/n on input line 37.
LaTeX Font Info:    ... okay on input line 37.
LaTeX Font Info:    Checking defaults for OMX/cmex/m/n on input line 37.
LaTeX Font Info:    ... okay on input line 37.
LaTeX Font Info:    Checking defaults for U/cmr/m/n on input line 37.
LaTeX Font Info:    ... okay on input line 37.
LaTeX Font Info:    External font `cmex10' loaded for size
(Font)              <7> on input line 46.
LaTeX Font Info:    External font `cmex10' loaded for size
(Font)              <5> on input line 46.

Overfull \hbox (23.45854pt too wide) in paragraph at lines 49--50
[][]\OT1/cmtt/m/n/10 http://www.cims.nyu.edu/~johndoe 
 []

[1

{c:/texlive/2014/texmf-var/fonts/map/pdftex/updmap/pdftex.map}]
Overfull \hbox (7.23143pt too wide) in paragraph at lines 131--131
[]\OT1/cmr/m/n/10 Summer 
 []


Overfull \hbox (1.67584pt too wide) in paragraph at lines 132--132
[]\OT1/cmr/m/n/10 Winter 
 []


Overfull \hbox (1.67584pt too wide) in paragraph at lines 133--133
[]\OT1/cmr/m/n/10 Winter 
 []


Overfull \hbox (1.67584pt too wide) in paragraph at lines 135--135
[]\OT1/cmr/m/n/10 Winter 
 []


Overfull \hbox (1.67584pt too wide) in paragraph at lines 136--136
[]\OT1/cmr/m/n/10 Winter 
 []


Overfull \hbox (1.67584pt too wide) in paragraph at lines 138--138
[]\OT1/cmr/m/n/10 Winter 
 []


Overfull \hbox (25.22743pt too wide) in paragraph at lines 157--169
[][] 
 []

! Extra alignment tab has been changed to \cr.
<recently read> \endtemplate 
                             
l.176 &
        \hspace{0.2in} Advisor: A. Smith, Department of Physics,\\
? 

Underfull \hbox (badness 10000) in paragraph at lines 176--177
\OT1/cmr/m/n/10 A. Smith,
 []


Underfull \hbox (badness 10000) in paragraph at lines 176--177
\OT1/cmr/m/n/10 De-part-ment
 []


Overfull \hbox (133.63243pt too wide) in paragraph at lines 191--196
[][] 
 []


! LaTeX Error: \begin{list1} on input line 76 ended by \end{resume}.

See the LaTeX manual or LaTeX Companion for explanation.
Type  H <return>  for immediate help.
 ...                                              
                                                  
l.206 \end{resume}
                  
? 

! LaTeX Error: \begin{resume} on input line 41 ended by \end{document}.

See the LaTeX manual or LaTeX Companion for explanation.
Type  H <return>  for immediate help.
 ...                                              
                                                  
l.207 \end{document}
                    
? 
[2] )
(\end occurred inside a group at level 2)

### semi simple group (level 2) entered at line 41 (\begingroup)
### semi simple group (level 1) entered at line 41 (\begingroup)
### bottom level 
Here is how much of TeX's memory you used:
 513 strings out of 493109
 5999 string characters out of 6138587
 65597 words of memory out of 5000000
 4037 multiletter control sequences out of 15000+600000
 6011 words of font info for 22 fonts, out of 8000000 for 9000
 1141 hyphenation exceptions out of 8191
 29i,10n,43p,135b,321s stack positions out of 5000i,500n,10000p,200000b,80000s
<c:/texlive/2014/texmf-dist/fonts/type1/public/amsfonts/cm/cmbx
10.pfb><c:/texlive/2014/texmf-dist/fonts/type1/public/amsfonts/cm/cmbx12.pfb><c
:/texlive/2014/texmf-dist/fonts/type1/public/amsfonts/cm/cmcsc10.pfb><c:/texliv
e/2014/texmf-dist/fonts/type1/public/amsfonts/cm/cmr10.pfb><c:/texlive/2014/tex
mf-dist/fonts/type1/public/amsfonts/cm/cmr8.pfb><c:/texlive/2014/texmf-dist/fon
ts/type1/public/amsfonts/cm/cmsy10.pfb><c:/texlive/2014/texmf-dist/fonts/type1/
public/amsfonts/cm/cmtt10.pfb><c:/texlive/2014/texmf-dist/fonts/type1/urw/zapfd
ing/uzdr.pfb>
Output written on cv_short_current.pdf (2 pages, 94547 bytes).
PDF statistics:
 43 PDF objects out of 1000 (max. 8388607)
 30 compressed objects within 1 object stream
 0 named destinations out of 1000 (max. 500000)
 1 words of extra memory for PDF output out of 10000 (max. 10000000)

